kt2018032653984998_1522054744
SUCCESS
SUCCESS
SUCCESS
SUCCESS
SUCCESS
SUCCESS
SUCCESS
SUCCESS
SUCCESS
SUCCESS
SUCCESS
SUCCESS
SUCCESS
SUCCESS
SUCCESS
SUCCESS
SUCCESS
SUCCESS
SUCCESS
SUCCESS
SUCCESS
SUCCESS
2018-03-26 17:29:12管理员1备份了数据库
2018-03-26 17:29:19管理员1删除了备份数据库zzfarm20180112-151737.sqlsql
2018-03-26 17:29:23管理员1删除了备份数据库zzfarm20180112-152009.sqlsql
NOTPAY
NOTPAY
NOTPAY
NOTPAY
NOTPAY
NOTPAY
NOTPAY
NOTPAY
NOTPAY
NOTPAY
NOTPAY
NOTPAY
NOTPAY
NOTPAY
NOTPAY
NOTPAY
NOTPAY
NOTPAY
NOTPAY
NOTPAY
NOTPAY
NOTPAY
NOTPAY
NOTPAY
NOTPAY
NOTPAY
NOTPAY
NOTPAY
NOTPAY
NOTPAY
NOTPAY
NOTPAY
NOTPAY
NOTPAY
NOTPAY
NOTPAY
NOTPAY
NOTPAY
NOTPAY
NOTPAY
NOTPAY
NOTPAY
NOTPAY
NOTPAY
NOTPAY
NOTPAY
NOTPAY
NOTPAY
